---------------------------------------------------------------
[ 2018-03-07T09:20:10+08:00 ] ::1 ::1 GET /order/order-v1.0/order/admin.php/com/index/index.html
[ info ] localhost/order/order-v1.0/order/admin.php/com/index/index.html [运行时间：0.546031s][吞吐率：1.83req/s] [内存消耗：1,370.16kb] [文件加载：37]
[ info ] [ LANG ] C:\PHP\php11\WWW\order\order-v1.0\tp5\thinkphp\lang\zh-cn.php
[ info ] [ ROUTE ] array (
  'type' => 'module',
  'module' => 
  array (
    0 => 'com',
    1 => 'index',
    2 => 'index',
  ),
)
[ info ] [ HEADER ] array (
  'host' => 'localhost',
  'connection' => 'keep-alive',
  'cache-control' => 'max-age=0',
  'upgrade-insecure-requests' => '1',
  'user-agent' => 'Mozilla/5.0 (Windows NT 6.1; Win64; x64) AppleWebKit/537.36 (KHTML, like Gecko) Chrome/63.0.3239.132 Safari/537.36',
  'accept' => 'text/html,application/xhtml+xml,application/xml;q=0.9,image/webp,image/apng,*/*;q=0.8',
  'accept-encoding' => 'gzip, deflate, br',
  'accept-language' => 'zh-CN,zh;q=0.9',
)
[ info ] [ PARAM ] array (
)
[ info ] [ SESSION ] INIT array (
  'id' => '',
  'var_session_id' => '',
  'prefix' => 'think',
  'type' => '',
  'auto_start' => true,
  'expire' => 0,
)
[ info ] [ RUN ] app\com\controller\Index->index[ C:\PHP\php11\WWW\order\order-v1.0\order\Admin\com\controller\Index.php ]
[ info ] [ VIEW ] C:\PHP\php11\WWW\order\order-v1.0\tp5\thinkphp\tpl\dispatch_jump.tpl [ array (
  0 => 'code',
  1 => 'msg',
  2 => 'data',
  3 => 'url',
  4 => 'wait',
) ]
[ info ] [ LOG ] INIT File
---------------------------------------------------------------
[ 2018-03-07T09:20:13+08:00 ] ::1 ::1 GET /order/order-v1.0/order/admin.php/login/login/index.html
[ info ] localhost/order/order-v1.0/order/admin.php/login/login/index.html [运行时间：0.092604s][吞吐率：10.80req/s] [内存消耗：1,371.82kb] [文件加载：36]
[ info ] [ LANG ] C:\PHP\php11\WWW\order\order-v1.0\tp5\thinkphp\lang\zh-cn.php
[ info ] [ ROUTE ] array (
  'type' => 'module',
  'module' => 
  array (
    0 => 'login',
    1 => 'login',
    2 => 'index',
  ),
)
[ info ] [ HEADER ] array (
  'host' => 'localhost',
  'connection' => 'keep-alive',
  'upgrade-insecure-requests' => '1',
  'user-agent' => 'Mozilla/5.0 (Windows NT 6.1; Win64; x64) AppleWebKit/537.36 (KHTML, like Gecko) Chrome/63.0.3239.132 Safari/537.36',
  'accept' => 'text/html,application/xhtml+xml,application/xml;q=0.9,image/webp,image/apng,*/*;q=0.8',
  'referer' => 'http://localhost/order/order-v1.0/order/admin.php/com/index/index.html',
  'accept-encoding' => 'gzip, deflate, br',
  'accept-language' => 'zh-CN,zh;q=0.9',
  'cookie' => 'PHPSESSID=thf38us218i4iihonk86t7ie83',
)
[ info ] [ PARAM ] array (
)
[ info ] [ SESSION ] INIT array (
  'id' => '',
  'var_session_id' => '',
  'prefix' => 'think',
  'type' => '',
  'auto_start' => true,
  'expire' => 0,
)
[ info ] [ RUN ] app\login\controller\Login->index[ C:\PHP\php11\WWW\order\order-v1.0\order\Admin\login\controller\Login.php ]
[ info ] [ VIEW ] C:\PHP\php11\WWW\order\order-v1.0\order/Admin/login\view\login\index.html [ array (
) ]
[ info ] [ LOG ] INIT File
---------------------------------------------------------------
[ 2018-03-07T09:20:22+08:00 ] ::1 ::1 POST /order/order-v1.0/order/admin.php/login/login/loginvalidate
[ info ] localhost/order/order-v1.0/order/admin.php/login/login/loginvalidate [运行时间：0.758202s][吞吐率：1.32req/s] [内存消耗：2,587.63kb] [文件加载：47]
[ info ] [ LANG ] C:\PHP\php11\WWW\order\order-v1.0\tp5\thinkphp\lang\zh-cn.php
[ info ] [ ROUTE ] array (
  'type' => 'module',
  'module' => 
  array (
    0 => 'login',
    1 => 'login',
    2 => 'loginvalidate',
  ),
)
[ info ] [ HEADER ] array (
  'host' => 'localhost',
  'connection' => 'keep-alive',
  'content-length' => '26',
  'accept' => 'application/json, text/javascript, */*; q=0.01',
  'origin' => 'http://localhost',
  'x-requested-with' => 'XMLHttpRequest',
  'user-agent' => 'Mozilla/5.0 (Windows NT 6.1; Win64; x64) AppleWebKit/537.36 (KHTML, like Gecko) Chrome/63.0.3239.132 Safari/537.36',
  'content-type' => 'application/x-www-form-urlencoded; charset=UTF-8',
  'referer' => 'http://localhost/order/order-v1.0/order/admin.php/login/login/index.html',
  'accept-encoding' => 'gzip, deflate, br',
  'accept-language' => 'zh-CN,zh;q=0.9',
  'cookie' => 'PHPSESSID=thf38us218i4iihonk86t7ie83',
)
[ info ] [ PARAM ] array (
  'name' => 'admin',
  'password' => '123456',
)
[ info ] [ SESSION ] INIT array (
  'id' => '',
  'var_session_id' => '',
  'prefix' => 'think',
  'type' => '',
  'auto_start' => true,
  'expire' => 0,
)
[ info ] [ RUN ] app\login\controller\Login->loginvalidate[ C:\PHP\php11\WWW\order\order-v1.0\order\Admin\login\controller\Login.php ]
[ info ] [ DB ] INIT mysql
[ info ] [ LOG ] INIT File
[ sql ] [ DB ] CONNECT:[ UseTime:0.000000s ] mysql:dbname=city;host=127.0.0.1;charset=utf8
[ sql ] [ SQL ] SHOW COLUMNS FROM `user` [ RunTime:0.234000s ]
[ sql ] [ SQL ] SELECT * FROM `user` WHERE  `usercode` = 'admin'  AND `userpwd` = '880343944aeb296d98d986b169ee9414'  AND `status` = 1 LIMIT 1 [ RunTime:0.015600s ]
[ sql ] [ SQL ] SHOW COLUMNS FROM `role` [ RunTime:0.046800s ]
[ sql ] [ SQL ] SELECT * FROM `role` WHERE  `role_id` = 1 LIMIT 1 [ RunTime:0.000000s ]
[ sql ] [ SQL ] SHOW COLUMNS FROM `log` [ RunTime:0.109200s ]
[ sql ] [ SQL ] INSERT INTO `log` (`log_user_name` , `log_name` , `log_operation` , `create_time`) VALUES ('admin' , '王凡' , '登陆成功' , 1520385622) [ RunTime:0.000000s ]
---------------------------------------------------------------
[ 2018-03-07T09:20:22+08:00 ] ::1 ::1 GET /order/order-v1.0/order/admin.php/com/index/index.html
[ info ] localhost/order/order-v1.0/order/admin.php/com/index/index.html [运行时间：0.156609s][吞吐率：6.39req/s] [内存消耗：1,666.22kb] [文件加载：38]
[ info ] [ LANG ] C:\PHP\php11\WWW\order\order-v1.0\tp5\thinkphp\lang\zh-cn.php
[ info ] [ ROUTE ] array (
  'type' => 'module',
  'module' => 
  array (
    0 => 'com',
    1 => 'index',
    2 => 'index',
  ),
)
[ info ] [ HEADER ] array (
  'host' => 'localhost',
  'connection' => 'keep-alive',
  'upgrade-insecure-requests' => '1',
  'user-agent' => 'Mozilla/5.0 (Windows NT 6.1; Win64; x64) AppleWebKit/537.36 (KHTML, like Gecko) Chrome/63.0.3239.132 Safari/537.36',
  'accept' => 'text/html,application/xhtml+xml,application/xml;q=0.9,image/webp,image/apng,*/*;q=0.8',
  'referer' => 'http://localhost/order/order-v1.0/order/admin.php/login/login/index.html',
  'accept-encoding' => 'gzip, deflate, br',
  'accept-language' => 'zh-CN,zh;q=0.9',
  'cookie' => 'PHPSESSID=thf38us218i4iihonk86t7ie83',
)
[ info ] [ PARAM ] array (
)
[ info ] [ SESSION ] INIT array (
  'id' => '',
  'var_session_id' => '',
  'prefix' => 'think',
  'type' => '',
  'auto_start' => true,
  'expire' => 0,
)
[ info ] [ RUN ] app\com\controller\Index->index[ C:\PHP\php11\WWW\order\order-v1.0\order\Admin\com\controller\Index.php ]
[ info ] [ VIEW ] C:\PHP\php11\WWW\order\order-v1.0\order/Admin/com\view\index\index.html [ array (
) ]
[ info ] [ LOG ] INIT File
---------------------------------------------------------------
[ 2018-03-07T09:20:23+08:00 ] ::1 ::1 GET /order/order-v1.0/order/admin.php/user/user/index.html
[ info ] localhost/order/order-v1.0/order/admin.php/user/user/index.html [运行时间：0.466027s][吞吐率：2.15req/s] [内存消耗：2,604.56kb] [文件加载：48]
[ info ] [ LANG ] C:\PHP\php11\WWW\order\order-v1.0\tp5\thinkphp\lang\zh-cn.php
[ info ] [ ROUTE ] array (
  'type' => 'module',
  'module' => 
  array (
    0 => 'user',
    1 => 'user',
    2 => 'index',
  ),
)
[ info ] [ HEADER ] array (
  'host' => 'localhost',
  'connection' => 'keep-alive',
  'upgrade-insecure-requests' => '1',
  'user-agent' => 'Mozilla/5.0 (Windows NT 6.1; Win64; x64) AppleWebKit/537.36 (KHTML, like Gecko) Chrome/63.0.3239.132 Safari/537.36',
  'accept' => 'text/html,application/xhtml+xml,application/xml;q=0.9,image/webp,image/apng,*/*;q=0.8',
  'referer' => 'http://localhost/order/order-v1.0/order/admin.php/com/index/index.html',
  'accept-encoding' => 'gzip, deflate, br',
  'accept-language' => 'zh-CN,zh;q=0.9',
  'cookie' => 'PHPSESSID=thf38us218i4iihonk86t7ie83',
)
[ info ] [ PARAM ] array (
)
[ info ] [ SESSION ] INIT array (
  'id' => '',
  'var_session_id' => '',
  'prefix' => 'think',
  'type' => '',
  'auto_start' => true,
  'expire' => 0,
)
[ info ] [ RUN ] app\user\controller\User->index[ C:\PHP\php11\WWW\order\order-v1.0\order\Admin\user\controller\User.php ]
[ info ] [ DB ] INIT mysql
[ info ] [ VIEW ] C:\PHP\php11\WWW\order\order-v1.0\order/Admin/user\view\user\index.html [ array (
  0 => 'list',
  1 => 'count',
) ]
[ info ] [ LOG ] INIT File
[ sql ] [ DB ] CONNECT:[ UseTime:0.000000s ] mysql:dbname=city;host=127.0.0.1;charset=utf8
[ sql ] [ SQL ] SHOW COLUMNS FROM `user` [ RunTime:0.013000s ]
[ sql ] [ SQL ] SELECT COUNT(*) AS tp_count FROM `user` `a` INNER JOIN `role` `w` ON `a`.`roleid`=`w`.`role_id` INNER JOIN `company` `b` ON `a`.`company_id`=`b`.`id` LIMIT 1 [ RunTime:0.061004s ]
[ sql ] [ SQL ] SELECT * FROM `user` `a` INNER JOIN `role` `w` ON `a`.`roleid`=`w`.`role_id` INNER JOIN `company` `b` ON `a`.`company_id`=`b`.`id` LIMIT 0,5 [ RunTime:0.001000s ]
[ sql ] [ SQL ] SELECT COUNT(*) AS tp_count FROM `user` LIMIT 1 [ RunTime:0.000000s ]
---------------------------------------------------------------
[ 2018-03-07T09:20:29+08:00 ] ::1 ::1 GET /order/order-v1.0/order/admin.php/engineer/engineer/index.html
[ info ] localhost/order/order-v1.0/order/admin.php/engineer/engineer/index.html [运行时间：0.208611s][吞吐率：4.79req/s] [内存消耗：2,653.62kb] [文件加载：48]
[ info ] [ LANG ] C:\PHP\php11\WWW\order\order-v1.0\tp5\thinkphp\lang\zh-cn.php
[ info ] [ ROUTE ] array (
  'type' => 'module',
  'module' => 
  array (
    0 => 'engineer',
    1 => 'engineer',
    2 => 'index',
  ),
)
[ info ] [ HEADER ] array (
  'host' => 'localhost',
  'connection' => 'keep-alive',
  'upgrade-insecure-requests' => '1',
  'user-agent' => 'Mozilla/5.0 (Windows NT 6.1; Win64; x64) AppleWebKit/537.36 (KHTML, like Gecko) Chrome/63.0.3239.132 Safari/537.36',
  'accept' => 'text/html,application/xhtml+xml,application/xml;q=0.9,image/webp,image/apng,*/*;q=0.8',
  'referer' => 'http://localhost/order/order-v1.0/order/admin.php/com/index/index.html',
  'accept-encoding' => 'gzip, deflate, br',
  'accept-language' => 'zh-CN,zh;q=0.9',
  'cookie' => 'PHPSESSID=thf38us218i4iihonk86t7ie83',
)
[ info ] [ PARAM ] array (
)
[ info ] [ SESSION ] INIT array (
  'id' => '',
  'var_session_id' => '',
  'prefix' => 'think',
  'type' => '',
  'auto_start' => true,
  'expire' => 0,
)
[ info ] [ RUN ] app\engineer\controller\Engineer->index[ C:\PHP\php11\WWW\order\order-v1.0\order\Admin\engineer\controller\Engineer.php ]
[ info ] [ DB ] INIT mysql
[ info ] [ VIEW ] C:\PHP\php11\WWW\order\order-v1.0\order/Admin/engineer\view\engineer\index.html [ array (
  0 => 'list',
  1 => 'count',
) ]
[ info ] [ LOG ] INIT File
[ sql ] [ DB ] CONNECT:[ UseTime:0.001000s ] mysql:dbname=city;host=127.0.0.1;charset=utf8
[ sql ] [ SQL ] SHOW COLUMNS FROM `engineer` [ RunTime:0.059003s ]
[ sql ] [ SQL ] SELECT COUNT(*) AS tp_count FROM `engineer` LIMIT 1 [ RunTime:0.000000s ]
[ sql ] [ SQL ] SELECT COUNT(*) AS tp_count FROM `engineer` LIMIT 1 [ RunTime:0.001000s ]
[ sql ] [ SQL ] SELECT * FROM `engineer` LIMIT 0,15 [ RunTime:0.000000s ]
---------------------------------------------------------------
[ 2018-03-07T09:20:30+08:00 ] ::1 ::1 GET /order/order-v1.0/order/admin.php/engineer/engineertype/index.html
[ info ] localhost/order/order-v1.0/order/admin.php/engineer/engineertype/index.html [运行时间：0.321618s][吞吐率：3.11req/s] [内存消耗：2,552.54kb] [文件加载：48]
[ info ] [ LANG ] C:\PHP\php11\WWW\order\order-v1.0\tp5\thinkphp\lang\zh-cn.php
[ info ] [ ROUTE ] array (
  'type' => 'module',
  'module' => 
  array (
    0 => 'engineer',
    1 => 'engineertype',
    2 => 'index',
  ),
)
[ info ] [ HEADER ] array (
  'host' => 'localhost',
  'connection' => 'keep-alive',
  'upgrade-insecure-requests' => '1',
  'user-agent' => 'Mozilla/5.0 (Windows NT 6.1; Win64; x64) AppleWebKit/537.36 (KHTML, like Gecko) Chrome/63.0.3239.132 Safari/537.36',
  'accept' => 'text/html,application/xhtml+xml,application/xml;q=0.9,image/webp,image/apng,*/*;q=0.8',
  'referer' => 'http://localhost/order/order-v1.0/order/admin.php/com/index/index.html',
  'accept-encoding' => 'gzip, deflate, br',
  'accept-language' => 'zh-CN,zh;q=0.9',
  'cookie' => 'PHPSESSID=thf38us218i4iihonk86t7ie83',
)
[ info ] [ PARAM ] array (
)
[ info ] [ SESSION ] INIT array (
  'id' => '',
  'var_session_id' => '',
  'prefix' => 'think',
  'type' => '',
  'auto_start' => true,
  'expire' => 0,
)
[ info ] [ RUN ] app\engineer\controller\Engineertype->index[ C:\PHP\php11\WWW\order\order-v1.0\order\Admin\engineer\controller\Engineertype.php ]
[ info ] [ DB ] INIT mysql
[ info ] [ VIEW ] C:\PHP\php11\WWW\order\order-v1.0\order/Admin/engineer\view\engineertype\index.html [ array (
  0 => 'list',
  1 => 'count',
) ]
[ info ] [ LOG ] INIT File
[ sql ] [ DB ] CONNECT:[ UseTime:0.001000s ] mysql:dbname=city;host=127.0.0.1;charset=utf8
[ sql ] [ SQL ] SHOW COLUMNS FROM `engineertype` [ RunTime:0.070004s ]
[ sql ] [ SQL ] SELECT COUNT(*) AS tp_count FROM `engineertype` LIMIT 1 [ RunTime:0.000000s ]
[ sql ] [ SQL ] SELECT COUNT(*) AS tp_count FROM `engineertype` LIMIT 1 [ RunTime:0.000000s ]
[ sql ] [ SQL ] SELECT * FROM `engineertype` LIMIT 0,15 [ RunTime:0.000000s ]
---------------------------------------------------------------
[ 2018-03-07T09:20:31+08:00 ] ::1 ::1 GET /order/order-v1.0/order/admin.php/engineer/engineerrate/index.html
[ info ] localhost/order/order-v1.0/order/admin.php/engineer/engineerrate/index.html [运行时间：0.432025s][吞吐率：2.31req/s] [内存消耗：2,554.03kb] [文件加载：48]
[ info ] [ LANG ] C:\PHP\php11\WWW\order\order-v1.0\tp5\thinkphp\lang\zh-cn.php
[ info ] [ ROUTE ] array (
  'type' => 'module',
  'module' => 
  array (
    0 => 'engineer',
    1 => 'engineerrate',
    2 => 'index',
  ),
)
[ info ] [ HEADER ] array (
  'host' => 'localhost',
  'connection' => 'keep-alive',
  'upgrade-insecure-requests' => '1',
  'user-agent' => 'Mozilla/5.0 (Windows NT 6.1; Win64; x64) AppleWebKit/537.36 (KHTML, like Gecko) Chrome/63.0.3239.132 Safari/537.36',
  'accept' => 'text/html,application/xhtml+xml,application/xml;q=0.9,image/webp,image/apng,*/*;q=0.8',
  'referer' => 'http://localhost/order/order-v1.0/order/admin.php/com/index/index.html',
  'accept-encoding' => 'gzip, deflate, br',
  'accept-language' => 'zh-CN,zh;q=0.9',
  'cookie' => 'PHPSESSID=thf38us218i4iihonk86t7ie83',
)
[ info ] [ PARAM ] array (
)
[ info ] [ SESSION ] INIT array (
  'id' => '',
  'var_session_id' => '',
  'prefix' => 'think',
  'type' => '',
  'auto_start' => true,
  'expire' => 0,
)
[ info ] [ RUN ] app\engineer\controller\Engineerrate->index[ C:\PHP\php11\WWW\order\order-v1.0\order\Admin\engineer\controller\Engineerrate.php ]
[ info ] [ DB ] INIT mysql
[ info ] [ VIEW ] C:\PHP\php11\WWW\order\order-v1.0\order/Admin/engineer\view\engineerrate\index.html [ array (
  0 => 'list',
  1 => 'count',
) ]
[ info ] [ LOG ] INIT File
[ sql ] [ DB ] CONNECT:[ UseTime:0.001000s ] mysql:dbname=city;host=127.0.0.1;charset=utf8
[ sql ] [ SQL ] SHOW COLUMNS FROM `engineerrate` [ RunTime:0.283016s ]
[ sql ] [ SQL ] SELECT COUNT(*) AS tp_count FROM `engineerrate` LIMIT 1 [ RunTime:0.001001s ]
[ sql ] [ SQL ] SELECT COUNT(*) AS tp_count FROM `engineerrate` LIMIT 1 [ RunTime:0.000000s ]
[ sql ] [ SQL ] SELECT * FROM `engineerrate` LIMIT 0,15 [ RunTime:0.000000s ]
---------------------------------------------------------------
[ 2018-03-07T09:20:32+08:00 ] ::1 ::1 GET /order/order-v1.0/order/admin.php/engineer/engineer/index.html
[ info ] localhost/order/order-v1.0/order/admin.php/engineer/engineer/index.html [运行时间：0.063003s][吞吐率：15.87req/s] [内存消耗：2,653.62kb] [文件加载：48]
[ info ] [ LANG ] C:\PHP\php11\WWW\order\order-v1.0\tp5\thinkphp\lang\zh-cn.php
[ info ] [ ROUTE ] array (
  'type' => 'module',
  'module' => 
  array (
    0 => 'engineer',
    1 => 'engineer',
    2 => 'index',
  ),
)
[ info ] [ HEADER ] array (
  'host' => 'localhost',
  'connection' => 'keep-alive',
  'upgrade-insecure-requests' => '1',
  'user-agent' => 'Mozilla/5.0 (Windows NT 6.1; Win64; x64) AppleWebKit/537.36 (KHTML, like Gecko) Chrome/63.0.3239.132 Safari/537.36',
  'accept' => 'text/html,application/xhtml+xml,application/xml;q=0.9,image/webp,image/apng,*/*;q=0.8',
  'referer' => 'http://localhost/order/order-v1.0/order/admin.php/com/index/index.html',
  'accept-encoding' => 'gzip, deflate, br',
  'accept-language' => 'zh-CN,zh;q=0.9',
  'cookie' => 'PHPSESSID=thf38us218i4iihonk86t7ie83',
)
[ info ] [ PARAM ] array (
)
[ info ] [ SESSION ] INIT array (
  'id' => '',
  'var_session_id' => '',
  'prefix' => 'think',
  'type' => '',
  'auto_start' => true,
  'expire' => 0,
)
[ info ] [ RUN ] app\engineer\controller\Engineer->index[ C:\PHP\php11\WWW\order\order-v1.0\order\Admin\engineer\controller\Engineer.php ]
[ info ] [ DB ] INIT mysql
[ info ] [ VIEW ] C:\PHP\php11\WWW\order\order-v1.0\order/Admin/engineer\view\engineer\index.html [ array (
  0 => 'list',
  1 => 'count',
) ]
[ info ] [ LOG ] INIT File
[ sql ] [ DB ] CONNECT:[ UseTime:0.001000s ] mysql:dbname=city;host=127.0.0.1;charset=utf8
[ sql ] [ SQL ] SHOW COLUMNS FROM `engineer` [ RunTime:0.014001s ]
[ sql ] [ SQL ] SELECT COUNT(*) AS tp_count FROM `engineer` LIMIT 1 [ RunTime:0.001000s ]
[ sql ] [ SQL ] SELECT COUNT(*) AS tp_count FROM `engineer` LIMIT 1 [ RunTime:0.001000s ]
[ sql ] [ SQL ] SELECT * FROM `engineer` LIMIT 0,15 [ RunTime:0.000000s ]
---------------------------------------------------------------
[ 2018-03-07T09:20:32+08:00 ] ::1 ::1 GET /order/order-v1.0/order/admin.php/engineer/engineertype/index.html
[ info ] localhost/order/order-v1.0/order/admin.php/engineer/engineertype/index.html [运行时间：0.059003s][吞吐率：16.95req/s] [内存消耗：2,552.54kb] [文件加载：48]
[ info ] [ LANG ] C:\PHP\php11\WWW\order\order-v1.0\tp5\thinkphp\lang\zh-cn.php
[ info ] [ ROUTE ] array (
  'type' => 'module',
  'module' => 
  array (
    0 => 'engineer',
    1 => 'engineertype',
    2 => 'index',
  ),
)
[ info ] [ HEADER ] array (
  'host' => 'localhost',
  'connection' => 'keep-alive',
  'upgrade-insecure-requests' => '1',
  'user-agent' => 'Mozilla/5.0 (Windows NT 6.1; Win64; x64) AppleWebKit/537.36 (KHTML, like Gecko) Chrome/63.0.3239.132 Safari/537.36',
  'accept' => 'text/html,application/xhtml+xml,application/xml;q=0.9,image/webp,image/apng,*/*;q=0.8',
  'referer' => 'http://localhost/order/order-v1.0/order/admin.php/com/index/index.html',
  'accept-encoding' => 'gzip, deflate, br',
  'accept-language' => 'zh-CN,zh;q=0.9',
  'cookie' => 'PHPSESSID=thf38us218i4iihonk86t7ie83',
)
[ info ] [ PARAM ] array (
)
[ info ] [ SESSION ] INIT array (
  'id' => '',
  'var_session_id' => '',
  'prefix' => 'think',
  'type' => '',
  'auto_start' => true,
  'expire' => 0,
)
[ info ] [ RUN ] app\engineer\controller\Engineertype->index[ C:\PHP\php11\WWW\order\order-v1.0\order\Admin\engineer\controller\Engineertype.php ]
[ info ] [ DB ] INIT mysql
[ info ] [ VIEW ] C:\PHP\php11\WWW\order\order-v1.0\order/Admin/engineer\view\engineertype\index.html [ array (
  0 => 'list',
  1 => 'count',
) ]
[ info ] [ LOG ] INIT File
[ sql ] [ DB ] CONNECT:[ UseTime:0.000000s ] mysql:dbname=city;host=127.0.0.1;charset=utf8
[ sql ] [ SQL ] SHOW COLUMNS FROM `engineertype` [ RunTime:0.011001s ]
[ sql ] [ SQL ] SELECT COUNT(*) AS tp_count FROM `engineertype` LIMIT 1 [ RunTime:0.000000s ]
[ sql ] [ SQL ] SELECT COUNT(*) AS tp_count FROM `engineertype` LIMIT 1 [ RunTime:0.000000s ]
[ sql ] [ SQL ] SELECT * FROM `engineertype` LIMIT 0,15 [ RunTime:0.001000s ]
---------------------------------------------------------------
[ 2018-03-07T09:20:33+08:00 ] ::1 ::1 GET /order/order-v1.0/order/admin.php/engineer/engineerrate/index.html
[ info ] localhost/order/order-v1.0/order/admin.php/engineer/engineerrate/index.html [运行时间：0.061202s][吞吐率：16.34req/s] [内存消耗：2,554.03kb] [文件加载：48]
[ info ] [ LANG ] C:\PHP\php11\WWW\order\order-v1.0\tp5\thinkphp\lang\zh-cn.php
[ info ] [ ROUTE ] array (
  'type' => 'module',
  'module' => 
  array (
    0 => 'engineer',
    1 => 'engineerrate',
    2 => 'index',
  ),
)
[ info ] [ HEADER ] array (
  'host' => 'localhost',
  'connection' => 'keep-alive',
  'upgrade-insecure-requests' => '1',
  'user-agent' => 'Mozilla/5.0 (Windows NT 6.1; Win64; x64) AppleWebKit/537.36 (KHTML, like Gecko) Chrome/63.0.3239.132 Safari/537.36',
  'accept' => 'text/html,application/xhtml+xml,application/xml;q=0.9,image/webp,image/apng,*/*;q=0.8',
  'referer' => 'http://localhost/order/order-v1.0/order/admin.php/com/index/index.html',
  'accept-encoding' => 'gzip, deflate, br',
  'accept-language' => 'zh-CN,zh;q=0.9',
  'cookie' => 'PHPSESSID=thf38us218i4iihonk86t7ie83',
)
[ info ] [ PARAM ] array (
)
[ info ] [ SESSION ] INIT array (
  'id' => '',
  'var_session_id' => '',
  'prefix' => 'think',
  'type' => '',
  'auto_start' => true,
  'expire' => 0,
)
[ info ] [ RUN ] app\engineer\controller\Engineerrate->index[ C:\PHP\php11\WWW\order\order-v1.0\order\Admin\engineer\controller\Engineerrate.php ]
[ info ] [ DB ] INIT mysql
[ info ] [ VIEW ] C:\PHP\php11\WWW\order\order-v1.0\order/Admin/engineer\view\engineerrate\index.html [ array (
  0 => 'list',
  1 => 'count',
) ]
[ info ] [ LOG ] INIT File
[ sql ] [ DB ] CONNECT:[ UseTime:0.001000s ] mysql:dbname=city;host=127.0.0.1;charset=utf8
[ sql ] [ SQL ] SHOW COLUMNS FROM `engineerrate` [ RunTime:0.014001s ]
[ sql ] [ SQL ] SELECT COUNT(*) AS tp_count FROM `engineerrate` LIMIT 1 [ RunTime:0.000000s ]
[ sql ] [ SQL ] SELECT COUNT(*) AS tp_count FROM `engineerrate` LIMIT 1 [ RunTime:0.000000s ]
[ sql ] [ SQL ] SELECT * FROM `engineerrate` LIMIT 0,15 [ RunTime:0.000000s ]
---------------------------------------------------------------
[ 2018-03-07T09:26:54+08:00 ] ::1 ::1 GET /order/order-v1.0/order/admin.php/login/login/outlogin.html
[ info ] localhost/order/order-v1.0/order/admin.php/login/login/outlogin.html [运行时间：0.289016s][吞吐率：3.46req/s] [内存消耗：1,689.91kb] [文件加载：39]
[ info ] [ LANG ] C:\PHP\php11\WWW\order\order-v1.0\tp5\thinkphp\lang\zh-cn.php
[ info ] [ ROUTE ] array (
  'type' => 'module',
  'module' => 
  array (
    0 => 'login',
    1 => 'login',
    2 => 'outlogin',
  ),
)
[ info ] [ HEADER ] array (
  'host' => 'localhost',
  'connection' => 'keep-alive',
  'upgrade-insecure-requests' => '1',
  'user-agent' => 'Mozilla/5.0 (Windows NT 6.1; Win64; x64) AppleWebKit/537.36 (KHTML, like Gecko) Chrome/63.0.3239.132 Safari/537.36',
  'accept' => 'text/html,application/xhtml+xml,application/xml;q=0.9,image/webp,image/apng,*/*;q=0.8',
  'referer' => 'http://localhost/order/order-v1.0/order/admin.php/com/index/index.html',
  'accept-encoding' => 'gzip, deflate, br',
  'accept-language' => 'zh-CN,zh;q=0.9',
  'cookie' => 'PHPSESSID=thf38us218i4iihonk86t7ie83',
)
[ info ] [ PARAM ] array (
)
[ info ] [ SESSION ] INIT array (
  'id' => '',
  'var_session_id' => '',
  'prefix' => 'think',
  'type' => '',
  'auto_start' => true,
  'expire' => 0,
)
[ info ] [ RUN ] app\login\controller\Login->outlogin[ C:\PHP\php11\WWW\order\order-v1.0\order\Admin\login\controller\Login.php ]
[ info ] [ LOG ] INIT File
---------------------------------------------------------------
[ 2018-03-07T09:26:54+08:00 ] ::1 ::1 GET /order/order-v1.0/order/admin.php/login/index/index.html
[ info ] localhost/order/order-v1.0/order/admin.php/login/index/index.html [运行时间：0.123007s][吞吐率：8.13req/s] [内存消耗：1,010.79kb] [文件加载：28]
[ info ] [ LANG ] C:\PHP\php11\WWW\order\order-v1.0\tp5\thinkphp\lang\zh-cn.php
[ info ] [ ROUTE ] array (
  'type' => 'module',
  'module' => 
  array (
    0 => 'login',
    1 => 'index',
    2 => 'index',
  ),
)
[ info ] [ HEADER ] array (
  'host' => 'localhost',
  'connection' => 'keep-alive',
  'upgrade-insecure-requests' => '1',
  'user-agent' => 'Mozilla/5.0 (Windows NT 6.1; Win64; x64) AppleWebKit/537.36 (KHTML, like Gecko) Chrome/63.0.3239.132 Safari/537.36',
  'accept' => 'text/html,application/xhtml+xml,application/xml;q=0.9,image/webp,image/apng,*/*;q=0.8',
  'referer' => 'http://localhost/order/order-v1.0/order/admin.php/com/index/index.html',
  'accept-encoding' => 'gzip, deflate, br',
  'accept-language' => 'zh-CN,zh;q=0.9',
  'cookie' => 'PHPSESSID=thf38us218i4iihonk86t7ie83',
)
[ info ] [ PARAM ] array (
)
[ info ] [ LOG ] INIT File
---------------------------------------------------------------
[ 2018-03-07T09:26:57+08:00 ] ::1 ::1 GET /order/order-v1.0/order/admin.php/com/index/index.html
[ info ] localhost/order/order-v1.0/order/admin.php/com/index/index.html [运行时间：0.063003s][吞吐率：15.87req/s] [内存消耗：1,670.27kb] [文件加载：39]
[ info ] [ LANG ] C:\PHP\php11\WWW\order\order-v1.0\tp5\thinkphp\lang\zh-cn.php
[ info ] [ ROUTE ] array (
  'type' => 'module',
  'module' => 
  array (
    0 => 'com',
    1 => 'index',
    2 => 'index',
  ),
)
[ info ] [ HEADER ] array (
  'host' => 'localhost',
  'connection' => 'keep-alive',
  'user-agent' => 'Mozilla/5.0 (Windows NT 6.1; Win64; x64) AppleWebKit/537.36 (KHTML, like Gecko) Chrome/63.0.3239.132 Safari/537.36',
  'upgrade-insecure-requests' => '1',
  'accept' => 'text/html,application/xhtml+xml,application/xml;q=0.9,image/webp,image/apng,*/*;q=0.8',
  'referer' => 'http://localhost/order/order-v1.0/order/admin.php/login/login/index.html',
  'accept-encoding' => 'gzip, deflate, br',
  'accept-language' => 'zh-CN,zh;q=0.9',
  'cookie' => 'PHPSESSID=thf38us218i4iihonk86t7ie83',
)
[ info ] [ PARAM ] array (
)
[ info ] [ SESSION ] INIT array (
  'id' => '',
  'var_session_id' => '',
  'prefix' => 'think',
  'type' => '',
  'auto_start' => true,
  'expire' => 0,
)
[ info ] [ RUN ] app\com\controller\Index->index[ C:\PHP\php11\WWW\order\order-v1.0\order\Admin\com\controller\Index.php ]
[ info ] [ VIEW ] C:\PHP\php11\WWW\order\order-v1.0\tp5\thinkphp\tpl\dispatch_jump.tpl [ array (
  0 => 'code',
  1 => 'msg',
  2 => 'data',
  3 => 'url',
  4 => 'wait',
) ]
[ info ] [ LOG ] INIT File
---------------------------------------------------------------
[ 2018-03-07T09:27:01+08:00 ] ::1 ::1 GET /order/order-v1.0/order/admin.php/login/login/index.html
[ info ] localhost/order/order-v1.0/order/admin.php/login/login/index.html [运行时间：0.074004s][吞吐率：13.51req/s] [内存消耗：1,671.45kb] [文件加载：38]
[ info ] [ LANG ] C:\PHP\php11\WWW\order\order-v1.0\tp5\thinkphp\lang\zh-cn.php
[ info ] [ ROUTE ] array (
  'type' => 'module',
  'module' => 
  array (
    0 => 'login',
    1 => 'login',
    2 => 'index',
  ),
)
[ info ] [ HEADER ] array (
  'host' => 'localhost',
  'connection' => 'keep-alive',
  'upgrade-insecure-requests' => '1',
  'user-agent' => 'Mozilla/5.0 (Windows NT 6.1; Win64; x64) AppleWebKit/537.36 (KHTML, like Gecko) Chrome/63.0.3239.132 Safari/537.36',
  'accept' => 'text/html,application/xhtml+xml,application/xml;q=0.9,image/webp,image/apng,*/*;q=0.8',
  'referer' => 'http://localhost/order/order-v1.0/order/admin.php/com/index/index.html',
  'accept-encoding' => 'gzip, deflate, br',
  'accept-language' => 'zh-CN,zh;q=0.9',
  'cookie' => 'PHPSESSID=thf38us218i4iihonk86t7ie83',
)
[ info ] [ PARAM ] array (
)
[ info ] [ SESSION ] INIT array (
  'id' => '',
  'var_session_id' => '',
  'prefix' => 'think',
  'type' => '',
  'auto_start' => true,
  'expire' => 0,
)
[ info ] [ RUN ] app\login\controller\Login->index[ C:\PHP\php11\WWW\order\order-v1.0\order\Admin\login\controller\Login.php ]
[ info ] [ VIEW ] C:\PHP\php11\WWW\order\order-v1.0\order/Admin/login\view\login\index.html [ array (
) ]
[ info ] [ LOG ] INIT File
---------------------------------------------------------------
[ 2018-03-07T09:27:19+08:00 ] ::1 ::1 POST /order/order-v1.0/order/admin.php/login/login/loginvalidate
[ info ] localhost/order/order-v1.0/order/admin.php/login/login/loginvalidate [运行时间：0.156005s][吞吐率：6.41req/s] [内存消耗：2,588.74kb] [文件加载：47]
[ info ] [ LANG ] C:\PHP\php11\WWW\order\order-v1.0\tp5\thinkphp\lang\zh-cn.php
[ info ] [ ROUTE ] array (
  'type' => 'module',
  'module' => 
  array (
    0 => 'login',
    1 => 'login',
    2 => 'loginvalidate',
  ),
)
[ info ] [ HEADER ] array (
  'host' => 'localhost',
  'connection' => 'keep-alive',
  'content-length' => '26',
  'accept' => 'application/json, text/javascript, */*; q=0.01',
  'origin' => 'http://localhost',
  'x-requested-with' => 'XMLHttpRequest',
  'user-agent' => 'Mozilla/5.0 (Windows NT 6.1; Win64; x64) AppleWebKit/537.36 (KHTML, like Gecko) Chrome/63.0.3239.132 Safari/537.36',
  'content-type' => 'application/x-www-form-urlencoded; charset=UTF-8',
  'referer' => 'http://localhost/order/order-v1.0/order/admin.php/login/login/index.html',
  'accept-encoding' => 'gzip, deflate, br',
  'accept-language' => 'zh-CN,zh;q=0.9',
  'cookie' => 'PHPSESSID=thf38us218i4iihonk86t7ie83',
)
[ info ] [ PARAM ] array (
  'name' => 'admin',
  'password' => '123456',
)
[ info ] [ SESSION ] INIT array (
  'id' => '',
  'var_session_id' => '',
  'prefix' => 'think',
  'type' => '',
  'auto_start' => true,
  'expire' => 0,
)
[ info ] [ RUN ] app\login\controller\Login->loginvalidate[ C:\PHP\php11\WWW\order\order-v1.0\order\Admin\login\controller\Login.php ]
[ info ] [ DB ] INIT mysql
[ info ] [ LOG ] INIT File
[ sql ] [ DB ] CONNECT:[ UseTime:0.000000s ] mysql:dbname=city;host=127.0.0.1;charset=utf8
[ sql ] [ SQL ] SHOW COLUMNS FROM `user` [ RunTime:0.016001s ]
[ sql ] [ SQL ] SELECT * FROM `user` WHERE  `usercode` = 'admin'  AND `userpwd` = '880343944aeb296d98d986b169ee9414'  AND `status` = 1 LIMIT 1 [ RunTime:0.000000s ]
[ sql ] [ SQL ] SHOW COLUMNS FROM `role` [ RunTime:0.013001s ]
[ sql ] [ SQL ] SELECT * FROM `role` WHERE  `role_id` = 1 LIMIT 1 [ RunTime:0.000000s ]
[ sql ] [ SQL ] SHOW COLUMNS FROM `log` [ RunTime:0.007001s ]
[ sql ] [ SQL ] INSERT INTO `log` (`log_user_name` , `log_name` , `log_operation` , `create_time`) VALUES ('admin' , '王凡' , '登陆成功' , 1520386039) [ RunTime:0.000000s ]
---------------------------------------------------------------
[ 2018-03-07T09:27:20+08:00 ] ::1 ::1 GET /order/order-v1.0/order/admin.php/com/index/index.html
[ info ] localhost/order/order-v1.0/order/admin.php/com/index/index.html [运行时间：0.075603s][吞吐率：13.23req/s] [内存消耗：1,666.22kb] [文件加载：38]
[ info ] [ LANG ] C:\PHP\php11\WWW\order\order-v1.0\tp5\thinkphp\lang\zh-cn.php
[ info ] [ ROUTE ] array (
  'type' => 'module',
  'module' => 
  array (
    0 => 'com',
    1 => 'index',
    2 => 'index',
  ),
)
[ info ] [ HEADER ] array (
  'host' => 'localhost',
  'connection' => 'keep-alive',
  'upgrade-insecure-requests' => '1',
  'user-agent' => 'Mozilla/5.0 (Windows NT 6.1; Win64; x64) AppleWebKit/537.36 (KHTML, like Gecko) Chrome/63.0.3239.132 Safari/537.36',
  'accept' => 'text/html,application/xhtml+xml,application/xml;q=0.9,image/webp,image/apng,*/*;q=0.8',
  'referer' => 'http://localhost/order/order-v1.0/order/admin.php/login/login/index.html',
  'accept-encoding' => 'gzip, deflate, br',
  'accept-language' => 'zh-CN,zh;q=0.9',
  'cookie' => 'PHPSESSID=thf38us218i4iihonk86t7ie83',
)
[ info ] [ PARAM ] array (
)
[ info ] [ SESSION ] INIT array (
  'id' => '',
  'var_session_id' => '',
  'prefix' => 'think',
  'type' => '',
  'auto_start' => true,
  'expire' => 0,
)
[ info ] [ RUN ] app\com\controller\Index->index[ C:\PHP\php11\WWW\order\order-v1.0\order\Admin\com\controller\Index.php ]
[ info ] [ VIEW ] C:\PHP\php11\WWW\order\order-v1.0\order/Admin/com\view\index\index.html [ array (
) ]
[ info ] [ LOG ] INIT File
---------------------------------------------------------------
[ 2018-03-07T09:27:20+08:00 ] ::1 ::1 GET /order/order-v1.0/order/admin.php/user/user/index.html
[ info ] localhost/order/order-v1.0/order/admin.php/user/user/index.html [运行时间：0.129008s][吞吐率：7.75req/s] [内存消耗：2,604.56kb] [文件加载：48]
[ info ] [ LANG ] C:\PHP\php11\WWW\order\order-v1.0\tp5\thinkphp\lang\zh-cn.php
[ info ] [ ROUTE ] array (
  'type' => 'module',
  'module' => 
  array (
    0 => 'user',
    1 => 'user',
    2 => 'index',
  ),
)
[ info ] [ HEADER ] array (
  'host' => 'localhost',
  'connection' => 'keep-alive',
  'upgrade-insecure-requests' => '1',
  'user-agent' => 'Mozilla/5.0 (Windows NT 6.1; Win64; x64) AppleWebKit/537.36 (KHTML, like Gecko) Chrome/63.0.3239.132 Safari/537.36',
  'accept' => 'text/html,application/xhtml+xml,application/xml;q=0.9,image/webp,image/apng,*/*;q=0.8',
  'referer' => 'http://localhost/order/order-v1.0/order/admin.php/com/index/index.html',
  'accept-encoding' => 'gzip, deflate, br',
  'accept-language' => 'zh-CN,zh;q=0.9',
  'cookie' => 'PHPSESSID=thf38us218i4iihonk86t7ie83',
)
[ info ] [ PARAM ] array (
)
[ info ] [ SESSION ] INIT array (
  'id' => '',
  'var_session_id' => '',
  'prefix' => 'think',
  'type' => '',
  'auto_start' => true,
  'expire' => 0,
)
[ info ] [ RUN ] app\user\controller\User->index[ C:\PHP\php11\WWW\order\order-v1.0\order\Admin\user\controller\User.php ]
[ info ] [ DB ] INIT mysql
[ info ] [ VIEW ] C:\PHP\php11\WWW\order\order-v1.0\order/Admin/user\view\user\index.html [ array (
  0 => 'list',
  1 => 'count',
) ]
[ info ] [ LOG ] INIT File
[ sql ] [ DB ] CONNECT:[ UseTime:0.001000s ] mysql:dbname=city;host=127.0.0.1;charset=utf8
[ sql ] [ SQL ] SHOW COLUMNS FROM `user` [ RunTime:0.017001s ]
[ sql ] [ SQL ] SELECT COUNT(*) AS tp_count FROM `user` `a` INNER JOIN `role` `w` ON `a`.`roleid`=`w`.`role_id` INNER JOIN `company` `b` ON `a`.`company_id`=`b`.`id` LIMIT 1 [ RunTime:0.000000s ]
[ sql ] [ SQL ] SELECT * FROM `user` `a` INNER JOIN `role` `w` ON `a`.`roleid`=`w`.`role_id` INNER JOIN `company` `b` ON `a`.`company_id`=`b`.`id` LIMIT 0,5 [ RunTime:0.001000s ]
[ sql ] [ SQL ] SELECT COUNT(*) AS tp_count FROM `user` LIMIT 1 [ RunTime:0.001000s ]
---------------------------------------------------------------
[ 2018-03-07T09:28:09+08:00 ] ::1 ::1 GET /order/order-v1.0/order/admin.php/com/index/index.html
[ info ] localhost/order/order-v1.0/order/admin.php/com/index/index.html [运行时间：0.039002s][吞吐率：25.64req/s] [内存消耗：1,670.49kb] [文件加载：39]
[ info ] [ LANG ] C:\PHP\php11\WWW\order\order-v1.0\tp5\thinkphp\lang\zh-cn.php
[ info ] [ ROUTE ] array (
  'type' => 'module',
  'module' => 
  array (
    0 => 'com',
    1 => 'index',
    2 => 'index',
  ),
)
[ info ] [ HEADER ] array (
  'host' => 'localhost',
  'connection' => 'keep-alive',
  'cache-control' => 'max-age=0',
  'user-agent' => 'Mozilla/5.0 (Windows NT 6.1; Win64; x64) AppleWebKit/537.36 (KHTML, like Gecko) Chrome/63.0.3239.132 Safari/537.36',
  'upgrade-insecure-requests' => '1',
  'accept' => 'text/html,application/xhtml+xml,application/xml;q=0.9,image/webp,image/apng,*/*;q=0.8',
  'referer' => 'http://localhost/order/order-v1.0/order/admin.php/login/login/index.html',
  'accept-encoding' => 'gzip, deflate, br',
  'accept-language' => 'zh-CN,zh;q=0.9',
  'cookie' => 'PHPSESSID=thf38us218i4iihonk86t7ie83',
)
[ info ] [ PARAM ] array (
)
[ info ] [ SESSION ] INIT array (
  'id' => '',
  'var_session_id' => '',
  'prefix' => 'think',
  'type' => '',
  'auto_start' => true,
  'expire' => 0,
)
[ info ] [ RUN ] app\com\controller\Index->index[ C:\PHP\php11\WWW\order\order-v1.0\order\Admin\com\controller\Index.php ]
[ info ] [ VIEW ] C:\PHP\php11\WWW\order\order-v1.0\tp5\thinkphp\tpl\dispatch_jump.tpl [ array (
  0 => 'code',
  1 => 'msg',
  2 => 'data',
  3 => 'url',
  4 => 'wait',
) ]
[ info ] [ LOG ] INIT File
---------------------------------------------------------------
[ 2018-03-07T09:28:12+08:00 ] ::1 ::1 GET /order/order-v1.0/order/admin.php/login/login/index.html
[ info ] localhost/order/order-v1.0/order/admin.php/login/login/index.html [运行时间：0.078604s][吞吐率：12.72req/s] [内存消耗：1,671.45kb] [文件加载：38]
[ info ] [ LANG ] C:\PHP\php11\WWW\order\order-v1.0\tp5\thinkphp\lang\zh-cn.php
[ info ] [ ROUTE ] array (
  'type' => 'module',
  'module' => 
  array (
    0 => 'login',
    1 => 'login',
    2 => 'index',
  ),
)
[ info ] [ HEADER ] array (
  'host' => 'localhost',
  'connection' => 'keep-alive',
  'upgrade-insecure-requests' => '1',
  'user-agent' => 'Mozilla/5.0 (Windows NT 6.1; Win64; x64) AppleWebKit/537.36 (KHTML, like Gecko) Chrome/63.0.3239.132 Safari/537.36',
  'accept' => 'text/html,application/xhtml+xml,application/xml;q=0.9,image/webp,image/apng,*/*;q=0.8',
  'referer' => 'http://localhost/order/order-v1.0/order/admin.php/com/index/index.html',
  'accept-encoding' => 'gzip, deflate, br',
  'accept-language' => 'zh-CN,zh;q=0.9',
  'cookie' => 'PHPSESSID=thf38us218i4iihonk86t7ie83',
)
[ info ] [ PARAM ] array (
)
[ info ] [ SESSION ] INIT array (
  'id' => '',
  'var_session_id' => '',
  'prefix' => 'think',
  'type' => '',
  'auto_start' => true,
  'expire' => 0,
)
[ info ] [ RUN ] app\login\controller\Login->index[ C:\PHP\php11\WWW\order\order-v1.0\order\Admin\login\controller\Login.php ]
[ info ] [ VIEW ] C:\PHP\php11\WWW\order\order-v1.0\order/Admin/login\view\login\index.html [ array (
) ]
[ info ] [ LOG ] INIT File
