---------------------------------------------------------------
[ 2018-03-08T13:48:09+08:00 ] ::1 ::1 GET /order/order-v1.0/order/admin.php/home/login/index
[ info ] localhost/order/order-v1.0/order/admin.php/home/login/index [运行时间：1.004058s][吞吐率：1.00req/s] [内存消耗：1,009.31kb] [文件加载：28]
[ info ] [ LANG ] C:\PHP\php11\WWW\order\order-v1.0\tp5\thinkphp\lang\zh-cn.php
[ info ] [ ROUTE ] array (
  'type' => 'module',
  'module' => 
  array (
    0 => 'home',
    1 => 'login',
    2 => 'index',
  ),
)
[ info ] [ HEADER ] array (
  'host' => 'localhost',
  'connection' => 'keep-alive',
  'user-agent' => 'Mozilla/5.0 (Windows NT 6.1; Win64; x64) AppleWebKit/537.36 (KHTML, like Gecko) Chrome/63.0.3239.132 Safari/537.36',
  'upgrade-insecure-requests' => '1',
  'accept' => 'text/html,application/xhtml+xml,application/xml;q=0.9,image/webp,image/apng,*/*;q=0.8',
  'accept-encoding' => 'gzip, deflate, br',
  'accept-language' => 'zh-CN,zh;q=0.9',
)
[ info ] [ PARAM ] array (
)
[ info ] [ LOG ] INIT File
