---------------------------------------------------------------
[ 2018-03-13T09:16:16+08:00 ] ::1 ::1 GET /order/order-v1.0/order/admin.php
[ info ] localhost/order/order-v1.0/order/admin.php [运行时间：1.313075s][吞吐率：0.76req/s] [内存消耗：1,009.85kb] [文件加载：28]
[ info ] [ LANG ] C:\PHP\php11\WWW\order\order-v1.0\tp5\thinkphp\lang\zh-cn.php
[ info ] [ ROUTE ] array (
  'type' => 'module',
  'module' => 
  array (
    0 => '',
    1 => NULL,
    2 => NULL,
  ),
)
[ info ] [ HEADER ] array (
  'host' => 'localhost',
  'connection' => 'keep-alive',
  'upgrade-insecure-requests' => '1',
  'user-agent' => 'Mozilla/5.0 (Windows NT 6.1; Win64; x64) AppleWebKit/537.36 (KHTML, like Gecko) Chrome/63.0.3239.132 Safari/537.36',
  'accept' => 'text/html,application/xhtml+xml,application/xml;q=0.9,image/webp,image/apng,*/*;q=0.8',
  'referer' => 'http://localhost/order/order-v1.0/order/',
  'accept-encoding' => 'gzip, deflate, br',
  'accept-language' => 'zh-CN,zh;q=0.9',
  'cookie' => 'PHPSESSID=9gnrpbmj2t1j9ontct9d9dn6e0',
)
[ info ] [ PARAM ] array (
)
[ info ] [ LOG ] INIT File
---------------------------------------------------------------
[ 2018-03-13T09:16:23+08:00 ] ::1 ::1 GET /order/order-v1.0/order/admin.php/login/login/index.html
[ info ] localhost/order/order-v1.0/order/admin.php/login/login/index.html [运行时间：0.718641s][吞吐率：1.39req/s] [内存消耗：1,678.27kb] [文件加载：39]
[ info ] [ LANG ] C:\PHP\php11\WWW\order\order-v1.0\tp5\thinkphp\lang\zh-cn.php
[ info ] [ ROUTE ] array (
  'type' => 'module',
  'module' => 
  array (
    0 => 'login',
    1 => 'login',
    2 => 'index',
  ),
)
[ info ] [ HEADER ] array (
  'host' => 'localhost',
  'connection' => 'keep-alive',
  'user-agent' => 'Mozilla/5.0 (Windows NT 6.1; Win64; x64) AppleWebKit/537.36 (KHTML, like Gecko) Chrome/63.0.3239.132 Safari/537.36',
  'upgrade-insecure-requests' => '1',
  'accept' => 'text/html,application/xhtml+xml,application/xml;q=0.9,image/webp,image/apng,*/*;q=0.8',
  'accept-encoding' => 'gzip, deflate, br',
  'accept-language' => 'zh-CN,zh;q=0.9',
  'cookie' => 'PHPSESSID=9gnrpbmj2t1j9ontct9d9dn6e0',
)
[ info ] [ PARAM ] array (
)
[ info ] [ SESSION ] INIT array (
  'id' => '',
  'var_session_id' => '',
  'prefix' => 'think',
  'type' => '',
  'auto_start' => true,
  'expire' => 0,
)
[ info ] [ RUN ] app\login\controller\Login->index[ C:\PHP\php11\WWW\order\order-v1.0\order\Admin\login\controller\Login.php ]
[ info ] [ VIEW ] C:\PHP\php11\WWW\order\order-v1.0\tp5\thinkphp\tpl\dispatch_jump.tpl [ array (
  0 => 'code',
  1 => 'msg',
  2 => 'data',
  3 => 'url',
  4 => 'wait',
) ]
[ info ] [ LOG ] INIT File
---------------------------------------------------------------
[ 2018-03-13T09:16:27+08:00 ] ::1 ::1 GET /order/order-v1.0/order/admin.php/com/index/index.html
[ info ] localhost/order/order-v1.0/order/admin.php/com/index/index.html [运行时间：0.333618s][吞吐率：3.00req/s] [内存消耗：1,665.73kb] [文件加载：38]
[ info ] [ LANG ] C:\PHP\php11\WWW\order\order-v1.0\tp5\thinkphp\lang\zh-cn.php
[ info ] [ ROUTE ] array (
  'type' => 'module',
  'module' => 
  array (
    0 => 'com',
    1 => 'index',
    2 => 'index',
  ),
)
[ info ] [ HEADER ] array (
  'host' => 'localhost',
  'connection' => 'keep-alive',
  'upgrade-insecure-requests' => '1',
  'user-agent' => 'Mozilla/5.0 (Windows NT 6.1; Win64; x64) AppleWebKit/537.36 (KHTML, like Gecko) Chrome/63.0.3239.132 Safari/537.36',
  'accept' => 'text/html,application/xhtml+xml,application/xml;q=0.9,image/webp,image/apng,*/*;q=0.8',
  'referer' => 'http://localhost/order/order-v1.0/order/admin.php/login/login/index.html',
  'accept-encoding' => 'gzip, deflate, br',
  'accept-language' => 'zh-CN,zh;q=0.9',
  'cookie' => 'PHPSESSID=9gnrpbmj2t1j9ontct9d9dn6e0',
)
[ info ] [ PARAM ] array (
)
[ info ] [ SESSION ] INIT array (
  'id' => '',
  'var_session_id' => '',
  'prefix' => 'think',
  'type' => '',
  'auto_start' => true,
  'expire' => 0,
)
[ info ] [ RUN ] app\com\controller\Index->index[ C:\PHP\php11\WWW\order\order-v1.0\order\Admin\com\controller\Index.php ]
[ info ] [ VIEW ] C:\PHP\php11\WWW\order\order-v1.0\order/Admin/com\view\index\index.html [ array (
) ]
[ info ] [ LOG ] INIT File
---------------------------------------------------------------
[ 2018-03-13T09:16:27+08:00 ] ::1 ::1 GET /order/order-v1.0/order/admin.php/user/user/index.html
[ info ] localhost/order/order-v1.0/order/admin.php/user/user/index.html [运行时间：0.493029s][吞吐率：2.03req/s] [内存消耗：2,501.52kb] [文件加载：49]
[ info ] [ LANG ] C:\PHP\php11\WWW\order\order-v1.0\tp5\thinkphp\lang\zh-cn.php
[ info ] [ ROUTE ] array (
  'type' => 'module',
  'module' => 
  array (
    0 => 'user',
    1 => 'user',
    2 => 'index',
  ),
)
[ info ] [ HEADER ] array (
  'host' => 'localhost',
  'connection' => 'keep-alive',
  'upgrade-insecure-requests' => '1',
  'user-agent' => 'Mozilla/5.0 (Windows NT 6.1; Win64; x64) AppleWebKit/537.36 (KHTML, like Gecko) Chrome/63.0.3239.132 Safari/537.36',
  'accept' => 'text/html,application/xhtml+xml,application/xml;q=0.9,image/webp,image/apng,*/*;q=0.8',
  'referer' => 'http://localhost/order/order-v1.0/order/admin.php/com/index/index.html',
  'accept-encoding' => 'gzip, deflate, br',
  'accept-language' => 'zh-CN,zh;q=0.9',
  'cookie' => 'PHPSESSID=9gnrpbmj2t1j9ontct9d9dn6e0',
)
[ info ] [ PARAM ] array (
)
[ info ] [ SESSION ] INIT array (
  'id' => '',
  'var_session_id' => '',
  'prefix' => 'think',
  'type' => '',
  'auto_start' => true,
  'expire' => 0,
)
[ info ] [ RUN ] app\user\controller\User->index[ C:\PHP\php11\WWW\order\order-v1.0\order\Admin\user\controller\User.php ]
[ info ] [ DB ] INIT mysql
[ info ] [ LOG ] INIT File
[ sql ] [ DB ] CONNECT:[ UseTime:0.011001s ] mysql:dbname=city;host=127.0.0.1;charset=utf8
[ sql ] [ SQL ] SHOW COLUMNS FROM `user` [ RunTime:0.020001s ]
[ error ] [10501]SQLSTATE[42S02]: Base table or view not found: 1146 Table 'city.role' doesn't exist[C:\PHP\php11\WWW\order\order-v1.0\tp5\thinkphp\library\think\db\Connection.php:388]
