---------------------------------------------------------------
[ 2018-02-28T09:21:52+08:00 ] ::1 ::1 GET /order/order-v1.0/order/admin.php/com/index/index.html
[ info ] localhost/order/order-v1.0/order/admin.php/com/index/index.html [运行时间：0.497028s][吞吐率：2.01req/s] [内存消耗：1,333.26kb] [文件加载：36]
[ info ] [ LANG ] C:\PHP\php11\WWW\order\order-v1.0\tp5\thinkphp\lang\zh-cn.php
[ info ] [ ROUTE ] array (
  'type' => 'module',
  'module' => 
  array (
    0 => 'com',
    1 => 'index',
    2 => 'index',
  ),
)
[ info ] [ HEADER ] array (
  'host' => 'localhost',
  'connection' => 'keep-alive',
  'user-agent' => 'Mozilla/5.0 (Windows NT 6.1; Win64; x64) AppleWebKit/537.36 (KHTML, like Gecko) Chrome/63.0.3239.132 Safari/537.36',
  'upgrade-insecure-requests' => '1',
  'accept' => 'text/html,application/xhtml+xml,application/xml;q=0.9,image/webp,image/apng,*/*;q=0.8',
  'accept-encoding' => 'gzip, deflate, br',
  'accept-language' => 'zh-CN,zh;q=0.9',
)
[ info ] [ PARAM ] array (
)
[ info ] [ SESSION ] INIT array (
  'id' => '',
  'var_session_id' => '',
  'prefix' => 'think',
  'type' => '',
  'auto_start' => true,
  'expire' => 0,
)
[ info ] [ RUN ] app\com\controller\Index->index[ C:\PHP\php11\WWW\order\order-v1.0\order\Admin\com\controller\Index.php ]
[ info ] [ VIEW ] C:\PHP\php11\WWW\order\order-v1.0\tp5\thinkphp\tpl\dispatch_jump.tpl [ array (
  0 => 'code',
  1 => 'msg',
  2 => 'data',
  3 => 'url',
  4 => 'wait',
) ]
[ info ] [ LOG ] INIT File
---------------------------------------------------------------
[ 2018-02-28T09:21:55+08:00 ] ::1 ::1 GET /order/order-v1.0/order/admin.php/login/login/index.html
[ info ] localhost/order/order-v1.0/order/admin.php/login/login/index.html [运行时间：0.185011s][吞吐率：5.41req/s] [内存消耗：1,334.24kb] [文件加载：35]
[ info ] [ LANG ] C:\PHP\php11\WWW\order\order-v1.0\tp5\thinkphp\lang\zh-cn.php
[ info ] [ ROUTE ] array (
  'type' => 'module',
  'module' => 
  array (
    0 => 'login',
    1 => 'login',
    2 => 'index',
  ),
)
[ info ] [ HEADER ] array (
  'host' => 'localhost',
  'connection' => 'keep-alive',
  'upgrade-insecure-requests' => '1',
  'user-agent' => 'Mozilla/5.0 (Windows NT 6.1; Win64; x64) AppleWebKit/537.36 (KHTML, like Gecko) Chrome/63.0.3239.132 Safari/537.36',
  'accept' => 'text/html,application/xhtml+xml,application/xml;q=0.9,image/webp,image/apng,*/*;q=0.8',
  'referer' => 'http://localhost/order/order-v1.0/order/admin.php/com/index/index.html',
  'accept-encoding' => 'gzip, deflate, br',
  'accept-language' => 'zh-CN,zh;q=0.9',
  'cookie' => 'PHPSESSID=uuuiolhghbqs3j3bbmhairmtl7',
)
[ info ] [ PARAM ] array (
)
[ info ] [ SESSION ] INIT array (
  'id' => '',
  'var_session_id' => '',
  'prefix' => 'think',
  'type' => '',
  'auto_start' => true,
  'expire' => 0,
)
[ info ] [ RUN ] app\login\controller\Login->index[ C:\PHP\php11\WWW\order\order-v1.0\order\Admin\login\controller\Login.php ]
[ info ] [ VIEW ] C:\PHP\php11\WWW\order\order-v1.0\order/Admin/login\view\login\index.html [ array (
) ]
[ info ] [ LOG ] INIT File
